{"D:\\Develcode\\projetos\\DevelWeather\\DevelWeatherBack\\jest-mongodb-config.js": {"path":"D:\\Develcode\\projetos\\DevelWeather\\DevelWeatherBack\\jest-mongodb-config.js","statementMap":{"0":{"start":{"line":1,"column":0},"end":{"line":12,"column":4}}},"fnMap":{},"branchMap":{},"s":{"0":0},"f":{},"b":{}}
,"D:\\Develcode\\projetos\\DevelWeather\\DevelWeatherBack\\src\\app.js": {"path":"D:\\Develcode\\projetos\\DevelWeather\\DevelWeatherBack\\src\\app.js","statementMap":{"0":{"start":{"line":6,"column":19},"end":{"line":6,"column":45}},"1":{"start":{"line":8,"column":0},"end":{"line":10,"column":3}},"2":{"start":{"line":9,"column":4},"end":{"line":9,"column":50}},"3":{"start":{"line":12,"column":0},"end":{"line":14,"column":3}},"4":{"start":{"line":13,"column":4},"end":{"line":13,"column":41}},"5":{"start":{"line":16,"column":12},"end":{"line":16,"column":21}},"6":{"start":{"line":17,"column":0},"end":{"line":17,"column":16}},"7":{"start":{"line":18,"column":0},"end":{"line":18,"column":11}}},"fnMap":{"0":{"name":"(anonymous_0)","decl":{"start":{"line":8,"column":23},"end":{"line":8,"column":24}},"loc":{"start":{"line":8,"column":33},"end":{"line":10,"column":1}},"line":8},"1":{"name":"(anonymous_1)","decl":{"start":{"line":12,"column":24},"end":{"line":12,"column":25}},"loc":{"start":{"line":12,"column":31},"end":{"line":14,"column":1}},"line":12}},"branchMap":{},"s":{"0":0,"1":0,"2":0,"3":0,"4":0,"5":0,"6":0,"7":0},"f":{"0":0,"1":0},"b":{}}
,"D:\\Develcode\\projetos\\DevelWeather\\DevelWeatherBack\\src\\server.js": {"path":"D:\\Develcode\\projetos\\DevelWeather\\DevelWeatherBack\\src\\server.js","statementMap":{"0":{"start":{"line":4,"column":13},"end":{"line":4,"column":17}},"1":{"start":{"line":6,"column":0},"end":{"line":8,"column":3}},"2":{"start":{"line":7,"column":4},"end":{"line":7,"column":34}}},"fnMap":{"0":{"name":"(anonymous_0)","decl":{"start":{"line":6,"column":17},"end":{"line":6,"column":18}},"loc":{"start":{"line":6,"column":23},"end":{"line":8,"column":1}},"line":6}},"branchMap":{},"s":{"0":0,"1":0,"2":0},"f":{"0":0},"b":{}}
,"D:\\Develcode\\projetos\\DevelWeather\\DevelWeatherBack\\src\\controllers\\userController.js": {"path":"D:\\Develcode\\projetos\\DevelWeather\\DevelWeatherBack\\src\\controllers\\userController.js","statementMap":{"0":{"start":{"line":6,"column":8},"end":{"line":12,"column":9}},"1":{"start":{"line":7,"column":29},"end":{"line":7,"column":48}},"2":{"start":{"line":8,"column":12},"end":{"line":8,"column":42}},"3":{"start":{"line":10,"column":12},"end":{"line":11,"column":35}},"4":{"start":{"line":16,"column":23},"end":{"line":16,"column":37}},"5":{"start":{"line":17,"column":25},"end":{"line":17,"column":42}},"6":{"start":{"line":18,"column":8},"end":{"line":29,"column":9}},"7":{"start":{"line":19,"column":30},"end":{"line":19,"column":84}},"8":{"start":{"line":21,"column":12},"end":{"line":25,"column":13}},"9":{"start":{"line":22,"column":16},"end":{"line":22,"column":86}},"10":{"start":{"line":24,"column":16},"end":{"line":24,"column":73}},"11":{"start":{"line":27,"column":12},"end":{"line":28,"column":35}},"12":{"start":{"line":33,"column":24},"end":{"line":33,"column":32}},"13":{"start":{"line":34,"column":8},"end":{"line":40,"column":9}},"14":{"start":{"line":35,"column":33},"end":{"line":35,"column":59}},"15":{"start":{"line":36,"column":12},"end":{"line":36,"column":97}},"16":{"start":{"line":38,"column":12},"end":{"line":39,"column":35}},"17":{"start":{"line":44,"column":8},"end":{"line":51,"column":9}},"18":{"start":{"line":45,"column":23},"end":{"line":45,"column":36}},"19":{"start":{"line":46,"column":12},"end":{"line":46,"column":55}},"20":{"start":{"line":47,"column":12},"end":{"line":47,"column":78}},"21":{"start":{"line":49,"column":12},"end":{"line":50,"column":36}},"22":{"start":{"line":54,"column":8},"end":{"line":61,"column":9}},"23":{"start":{"line":55,"column":23},"end":{"line":55,"column":36}},"24":{"start":{"line":56,"column":12},"end":{"line":56,"column":44}},"25":{"start":{"line":57,"column":12},"end":{"line":57,"column":75}},"26":{"start":{"line":59,"column":12},"end":{"line":60,"column":35}}},"fnMap":{"0":{"name":"(anonymous_0)","decl":{"start":{"line":5,"column":4},"end":{"line":5,"column":5}},"loc":{"start":{"line":5,"column":37},"end":{"line":13,"column":5}},"line":5},"1":{"name":"(anonymous_1)","decl":{"start":{"line":15,"column":4},"end":{"line":15,"column":5}},"loc":{"start":{"line":15,"column":37},"end":{"line":30,"column":5}},"line":15},"2":{"name":"(anonymous_2)","decl":{"start":{"line":32,"column":4},"end":{"line":32,"column":5}},"loc":{"start":{"line":32,"column":40},"end":{"line":41,"column":5}},"line":32},"3":{"name":"(anonymous_3)","decl":{"start":{"line":43,"column":4},"end":{"line":43,"column":5}},"loc":{"start":{"line":43,"column":38},"end":{"line":52,"column":5}},"line":43},"4":{"name":"(anonymous_4)","decl":{"start":{"line":53,"column":4},"end":{"line":53,"column":5}},"loc":{"start":{"line":53,"column":38},"end":{"line":62,"column":5}},"line":53}},"branchMap":{"0":{"loc":{"start":{"line":21,"column":12},"end":{"line":25,"column":13}},"type":"if","locations":[{"start":{"line":21,"column":12},"end":{"line":25,"column":13}},{"start":{"line":23,"column":19},"end":{"line":25,"column":13}}],"line":21}},"s":{"0":2,"1":2,"2":1,"3":1,"4":3,"5":3,"6":3,"7":3,"8":2,"9":1,"10":1,"11":1,"12":2,"13":2,"14":2,"15":1,"16":1,"17":1,"18":1,"19":1,"20":1,"21":0,"22":0,"23":0,"24":0,"25":0,"26":0},"f":{"0":2,"1":3,"2":2,"3":1,"4":0},"b":{"0":[1,1]},"_coverageSchema":"1a1c01bbd47fc00a2c39e90264f33305004495a9","hash":"3df96ca7117f767434e81d436ed466f39885c0de"}
,"D:\\Develcode\\projetos\\DevelWeather\\DevelWeatherBack\\src\\database\\dbConnection.js": {"path":"D:\\Develcode\\projetos\\DevelWeather\\DevelWeatherBack\\src\\database\\dbConnection.js","statementMap":{"0":{"start":{"line":4,"column":4},"end":{"line":4,"column":55}},"1":{"start":{"line":6,"column":4},"end":{"line":6,"column":31}}},"fnMap":{"0":{"name":"databaseConnection","decl":{"start":{"line":3,"column":15},"end":{"line":3,"column":33}},"loc":{"start":{"line":3,"column":36},"end":{"line":7,"column":1}},"line":3}},"branchMap":{},"s":{"0":0,"1":0},"f":{"0":0},"b":{}}
,"D:\\Develcode\\projetos\\DevelWeather\\DevelWeatherBack\\src\\models\\User.js": {"path":"D:\\Develcode\\projetos\\DevelWeather\\DevelWeatherBack\\src\\models\\User.js","statementMap":{"0":{"start":{"line":4,"column":19},"end":{"line":10,"column":25}},"1":{"start":{"line":12,"column":13},"end":{"line":12,"column":48}}},"fnMap":{},"branchMap":{},"s":{"0":1,"1":1},"f":{},"b":{},"_coverageSchema":"1a1c01bbd47fc00a2c39e90264f33305004495a9","hash":"f486b5d5351b237aa67ce56ef1d70de08ee8666f"}
,"D:\\Develcode\\projetos\\DevelWeather\\DevelWeatherBack\\src\\routes\\index.js": {"path":"D:\\Develcode\\projetos\\DevelWeather\\DevelWeatherBack\\src\\routes\\index.js","statementMap":{"0":{"start":{"line":4,"column":15},"end":{"line":10,"column":1}},"1":{"start":{"line":5,"column":4},"end":{"line":7,"column":7}},"2":{"start":{"line":6,"column":8},"end":{"line":6,"column":53}},"3":{"start":{"line":9,"column":4},"end":{"line":9,"column":34}}},"fnMap":{"0":{"name":"(anonymous_0)","decl":{"start":{"line":4,"column":15},"end":{"line":4,"column":16}},"loc":{"start":{"line":4,"column":24},"end":{"line":10,"column":1}},"line":4},"1":{"name":"(anonymous_1)","decl":{"start":{"line":5,"column":23},"end":{"line":5,"column":24}},"loc":{"start":{"line":5,"column":37},"end":{"line":7,"column":5}},"line":5}},"branchMap":{},"s":{"0":0,"1":0,"2":0,"3":0},"f":{"0":0,"1":0},"b":{}}
,"D:\\Develcode\\projetos\\DevelWeather\\DevelWeatherBack\\src\\routes\\userRoutes.js": {"path":"D:\\Develcode\\projetos\\DevelWeather\\DevelWeatherBack\\src\\routes\\userRoutes.js","statementMap":{"0":{"start":{"line":4,"column":15},"end":{"line":4,"column":31}},"1":{"start":{"line":6,"column":0},"end":{"line":6,"column":47}},"2":{"start":{"line":7,"column":0},"end":{"line":7,"column":48}},"3":{"start":{"line":8,"column":0},"end":{"line":8,"column":60}},"4":{"start":{"line":9,"column":0},"end":{"line":9,"column":59}},"5":{"start":{"line":10,"column":0},"end":{"line":10,"column":62}}},"fnMap":{},"branchMap":{},"s":{"0":0,"1":0,"2":0,"3":0,"4":0,"5":0},"f":{},"b":{}}
}
